2021-10-10 15:49:05.6543|Library.API.Program|FATAL|服务发生异常: One of the identified items was in an invalid format.
System.FormatException: One of the identified items was in an invalid format.
   at MySqlConnector.Core.TextRow.GetValueCore(ReadOnlySpan`1 data, ColumnDefinitionPayload columnDefinition) in /_/src/MySqlConnector/Core/TextRow.cs:line 58
   at MySqlConnector.Core.Row.GetValue(Int32 ordinal) in /_/src/MySqlConnector/Core/Row.cs:line 38
   at MySqlConnector.Core.Row.GetGuid(Int32 ordinal) in /_/src/MySqlConnector/Core/Row.cs:line 165
   at MySqlConnector.MySqlDataReader.GetGuid(Int32 ordinal) in /_/src/MySqlConnector/MySqlDataReader.cs:line 236
   at lambda_method44(Closure , QueryContext , DbDataReader , ResultContext , SingleQueryResultCoordinator )
   at Microsoft.EntityFrameworkCore.Query.Internal.SingleQueryingEnumerable`1.Enumerator.MoveNext()
   at System.Collections.Generic.List`1..ctor(IEnumerable`1 collection)
   at System.Linq.Enumerable.ToList[TSource](IEnumerable`1 source)
   at Library.API.Controllers.CommodityController.GetCommoditiesAsync(ResourceParameters parameters) in D:\repos\Library.API\Library.API\Controllers\CommodityController.cs:line 46
   at Microsoft.AspNetCore.Mvc.Infrastructure.ActionMethodExecutor.TaskOfIActionResultExecutor.Execute(IActionResultTypeMapper mapper, ObjectMethodExecutor executor, Object controller, Object[] arguments)
   at Microsoft.AspNetCore.Mvc.Infrastructure.ControllerActionInvoker.<InvokeActionMethodAsync>g__Awaited|12_0(ControllerActionInvoker invoker, ValueTask`1 actionResultValueTask)
   at Microsoft.AspNetCore.Mvc.Infrastructure.ControllerActionInvoker.<InvokeNextActionFilterAsync>g__Awaited|10_0(ControllerActionInvoker invoker, Task lastTask, State next, Scope scope, Object state, Boolean isCompleted)
   at Microsoft.AspNetCore.Mvc.Infrastructure.ControllerActionInvoker.Rethrow(ActionExecutedContextSealed context)
   at Microsoft.AspNetCore.Mvc.Infrastructure.ControllerActionInvoker.Next(State& next, Scope& scope, Object& state, Boolean& isCompleted)
   at Microsoft.AspNetCore.Mvc.Infrastructure.ControllerActionInvoker.InvokeInnerFilterAsync()
--- End of stack trace from previous location ---
   at Microsoft.AspNetCore.Mvc.Infrastructure.ResourceInvoker.<InvokeNextExceptionFilterAsync>g__Awaited|25_0(ResourceInvoker invoker, Task lastTask, State next, Scope scope, Object state, Boolean isCompleted)
 
2021-10-10 16:12:25.8683|Library.API.Program|FATAL|服务发生异常: One of the identified items was in an invalid format.
System.FormatException: One of the identified items was in an invalid format.
   at MySqlConnector.Core.TextRow.GetValueCore(ReadOnlySpan`1 data, ColumnDefinitionPayload columnDefinition) in /_/src/MySqlConnector/Core/TextRow.cs:line 58
   at MySqlConnector.Core.Row.GetValue(Int32 ordinal) in /_/src/MySqlConnector/Core/Row.cs:line 38
   at MySqlConnector.Core.Row.GetGuid(Int32 ordinal) in /_/src/MySqlConnector/Core/Row.cs:line 165
   at MySqlConnector.MySqlDataReader.GetGuid(Int32 ordinal) in /_/src/MySqlConnector/MySqlDataReader.cs:line 236
   at lambda_method44(Closure , QueryContext , DbDataReader , ResultContext , SingleQueryResultCoordinator )
   at Microsoft.EntityFrameworkCore.Query.Internal.SingleQueryingEnumerable`1.Enumerator.MoveNext()
   at System.Collections.Generic.List`1..ctor(IEnumerable`1 collection)
   at System.Linq.Enumerable.ToList[TSource](IEnumerable`1 source)
   at Library.API.Controllers.CommodityController.GetCommoditiesAsync(ResourceParameters parameters) in D:\repos\Library.API\Library.API\Controllers\CommodityController.cs:line 46
   at Microsoft.AspNetCore.Mvc.Infrastructure.ActionMethodExecutor.TaskOfIActionResultExecutor.Execute(IActionResultTypeMapper mapper, ObjectMethodExecutor executor, Object controller, Object[] arguments)
   at Microsoft.AspNetCore.Mvc.Infrastructure.ControllerActionInvoker.<InvokeActionMethodAsync>g__Awaited|12_0(ControllerActionInvoker invoker, ValueTask`1 actionResultValueTask)
   at Microsoft.AspNetCore.Mvc.Infrastructure.ControllerActionInvoker.<InvokeNextActionFilterAsync>g__Awaited|10_0(ControllerActionInvoker invoker, Task lastTask, State next, Scope scope, Object state, Boolean isCompleted)
   at Microsoft.AspNetCore.Mvc.Infrastructure.ControllerActionInvoker.Rethrow(ActionExecutedContextSealed context)
   at Microsoft.AspNetCore.Mvc.Infrastructure.ControllerActionInvoker.Next(State& next, Scope& scope, Object& state, Boolean& isCompleted)
   at Microsoft.AspNetCore.Mvc.Infrastructure.ControllerActionInvoker.InvokeInnerFilterAsync()
--- End of stack trace from previous location ---
   at Microsoft.AspNetCore.Mvc.Infrastructure.ResourceInvoker.<InvokeNextExceptionFilterAsync>g__Awaited|25_0(ResourceInvoker invoker, Task lastTask, State next, Scope scope, Object state, Boolean isCompleted)
 
