2021-09-22 19:31:27.0226|Library.API.Controllers.AuthorController|ERROR|测试封装日志 
2021-09-22 19:32:14.5386|Library.API.Controllers.AuthorController|ERROR|测试封装日志 
2021-09-22 20:45:23.4756|AspNet.Security.OAuth.GitHub.GitHubAuthenticationHandler|DEBUG|HandleChallenge with Location: https://github.com/login/oauth/authorize?client_id=056a0075534193a5f996&scope=&response_type=code&redirect_uri=https%3A%2F%2Flocalhost%3A44348%2Fsignin-github&state=CfDJ8I8WJUuj38ZInzAI3rBidj9zT3rl7AKAPhckP2vnqTLoZQw5GZF8z9rjZ-uTqa6x9M68Yhd5JDiQK3sMxbsuBh4XFDweOYyg9wyAwDnaQSKlzZ3_CNsIa72ZI2eQe32orZUI5yh4h-m6o14sVZcyg5JesYmW8YBVgFzdA59d2qk3r2Eq42b151lM15OQlfKVens0-_lnR5QSAQWJUy19iCmDUv7F-tkMQc4vMIQpW-jgzubo8EpRA2SzhxXs6RxidAD8Q99q1_MYo-SGgP3i0NmFE6qJdCyyYNTlT9UOEhzq; and Set-Cookie: .AspNetCore.Correlation.JnhTFptvJcpbY1S51amyZw5__wMTVlu1U86-b9042FM=N; expires=Wed, 22 Sep 2021 13:00:23 GMT; path=/signin-github; secure; samesite=none; httponly. 
2021-09-22 20:45:23.4928|AspNet.Security.OAuth.GitHub.GitHubAuthenticationHandler|INFO|AuthenticationScheme: GitHub was challenged. 
2021-09-22 20:46:53.4586|AspNet.Security.OAuth.GitHub.GitHubAuthenticationHandler|DEBUG|HandleChallenge with Location: https://github.com/login/oauth/authorize?client_id=056a0075534193a5f996&scope=&response_type=code&redirect_uri=https%3A%2F%2Flocalhost%3A44348%2Fsignin-github&state=CfDJ8I8WJUuj38ZInzAI3rBidj9PqqX3eeix-vB0vAEse1VG39lT2mbC-g5DY2Didv6aXXlURDbpYHzVIOk0QClIhYXvLF4tvq-MgN8CngxKXxNSMCaqLpGVsVgQ2ueiRss7cSOn0qeYccnVjpp_b2EehOxKf-D_Z_xsfroztZhcLohK94SVhhREBfzUkJvqrGSBYiudOU1qOctwQQ-jWHm5v9NfJ1a2tUb9U_Auuz03Ifg5HEGbCNjDSF-INOfRdKhhalDc-bx5AfvDVI0pXlwaLCU5qf0LN3CfwOU-b-6O-eU4; and Set-Cookie: .AspNetCore.Correlation.TliDgmrvcti_522iP1-TWnaqQelSZpiNF9Nah1Kd-l8=N; expires=Wed, 22 Sep 2021 13:01:53 GMT; path=/signin-github; secure; samesite=none; httponly. 
2021-09-22 20:46:53.4586|AspNet.Security.OAuth.GitHub.GitHubAuthenticationHandler|INFO|AuthenticationScheme: GitHub was challenged. 
2021-09-22 21:14:49.6825|AspNet.Security.OAuth.GitHub.GitHubAuthenticationHandler|DEBUG|HandleChallenge with Location: https://github.com/login/oauth/authorize?client_id=056a0075534193a5f996&scope=&response_type=code&redirect_uri=https%3A%2F%2Flocalhost%3A44348%2Fsignin-github&state=CfDJ8I8WJUuj38ZInzAI3rBidj8ozv_6Q9olTN4anoHUMzu8h8ckJyT_tR6dYxuSyll7sHrenNvJG79ormMCKeCp5oQXg77-9DafetPMFz-F2Jz12OtF8GxNCjYcPaw9x6AgzrYc6-RqTi4YVqP-A0ldVxFS5tplmi1UK3jbhIsH51YcBs0uBfHPOJBrotXnN2H7KM4ka3El6uqVh1MgxH8FxlY2WvH1hONQpIWJYv6r4vggi3X644z--1dZB_qYNOcEIAbAdAlaXi5lcDZoAFW8lQT_jJ6i-0L4UrQFLf2dU4AA; and Set-Cookie: .AspNetCore.Correlation.p8h4CfTZX0S9gKcQSAsb2zwfF9oLv6mgg5ylM0G6zDw=N; expires=Wed, 22 Sep 2021 13:29:49 GMT; path=/signin-github; secure; samesite=none; httponly. 
2021-09-22 21:14:49.6994|AspNet.Security.OAuth.GitHub.GitHubAuthenticationHandler|INFO|AuthenticationScheme: GitHub was challenged. 
2021-09-22 22:17:29.9495|Library.API.Program|FATAL|服务发生异常: Object reference not set to an instance of an object.
System.NullReferenceException: Object reference not set to an instance of an object.
   at Library.API.Controllers.AccountController.Login(LoginUser loginUser, String returnUrl)
   at Microsoft.AspNetCore.Mvc.Infrastructure.ActionMethodExecutor.TaskOfIActionResultExecutor.Execute(IActionResultTypeMapper mapper, ObjectMethodExecutor executor, Object controller, Object[] arguments)
   at Microsoft.AspNetCore.Mvc.Infrastructure.ControllerActionInvoker.<InvokeActionMethodAsync>g__Awaited|12_0(ControllerActionInvoker invoker, ValueTask`1 actionResultValueTask)
   at Microsoft.AspNetCore.Mvc.Infrastructure.ControllerActionInvoker.<InvokeNextActionFilterAsync>g__Awaited|10_0(ControllerActionInvoker invoker, Task lastTask, State next, Scope scope, Object state, Boolean isCompleted)
   at Microsoft.AspNetCore.Mvc.Infrastructure.ControllerActionInvoker.Rethrow(ActionExecutedContextSealed context)
   at Microsoft.AspNetCore.Mvc.Infrastructure.ControllerActionInvoker.Next(State& next, Scope& scope, Object& state, Boolean& isCompleted)
   at Microsoft.AspNetCore.Mvc.Infrastructure.ControllerActionInvoker.<InvokeInnerFilterAsync>g__Awaited|13_0(ControllerActionInvoker invoker, Task lastTask, State next, Scope scope, Object state, Boolean isCompleted)
   at Microsoft.AspNetCore.Mvc.Infrastructure.ResourceInvoker.<InvokeNextExceptionFilterAsync>g__Awaited|25_0(ResourceInvoker invoker, Task lastTask, State next, Scope scope, Object state, Boolean isCompleted)
 
2021-09-22 22:17:41.9965|Library.API.Program|FATAL|服务发生异常: Object reference not set to an instance of an object.
System.NullReferenceException: Object reference not set to an instance of an object.
   at Library.API.Controllers.AccountController.Login(LoginUser loginUser, String returnUrl)
   at Microsoft.AspNetCore.Mvc.Infrastructure.ActionMethodExecutor.TaskOfIActionResultExecutor.Execute(IActionResultTypeMapper mapper, ObjectMethodExecutor executor, Object controller, Object[] arguments)
   at Microsoft.AspNetCore.Mvc.Infrastructure.ControllerActionInvoker.<InvokeActionMethodAsync>g__Awaited|12_0(ControllerActionInvoker invoker, ValueTask`1 actionResultValueTask)
   at Microsoft.AspNetCore.Mvc.Infrastructure.ControllerActionInvoker.<InvokeNextActionFilterAsync>g__Awaited|10_0(ControllerActionInvoker invoker, Task lastTask, State next, Scope scope, Object state, Boolean isCompleted)
   at Microsoft.AspNetCore.Mvc.Infrastructure.ControllerActionInvoker.Rethrow(ActionExecutedContextSealed context)
   at Microsoft.AspNetCore.Mvc.Infrastructure.ControllerActionInvoker.Next(State& next, Scope& scope, Object& state, Boolean& isCompleted)
   at Microsoft.AspNetCore.Mvc.Infrastructure.ControllerActionInvoker.<InvokeInnerFilterAsync>g__Awaited|13_0(ControllerActionInvoker invoker, Task lastTask, State next, Scope scope, Object state, Boolean isCompleted)
   at Microsoft.AspNetCore.Mvc.Infrastructure.ResourceInvoker.<InvokeNextExceptionFilterAsync>g__Awaited|25_0(ResourceInvoker invoker, Task lastTask, State next, Scope scope, Object state, Boolean isCompleted)
 
2021-09-22 22:23:06.1060|Library.API.Controllers.AccountController|WARN|https://localhost:44348/ConfirmEmail?userId=027d7622-b259-4870-97c3-0798ce126013&token=CfDJ8I8WJUuj38ZInzAI3rBidj8B191ryumB%2BkQSmGEhrBFtWsWS1%2BqomK%2FNjRn%2Fmw4XNNQpa3RXwZLG0%2BEkIA%2B0xh%2FW%2BuWWauI2r9iYuXEb%2BYGs8Nhpp1LT9SdKFlYSHl6KhsyuwGpXe%2FmPPxR%2BEiZqjY5hqQck9n7Z8Y9woahqeLPdbrAgAQbv4Bn6Gp4pmkTcaqMyS10Z4lfQZORmKJbKtiMhZgwCtgc%2BiiVwk1jk3w2L9NDy6fPUnf%2FgnlLMjmSAMg%3D%3D 
2021-09-22 22:25:50.2887|Library.API.Controllers.AccountController|WARN|https://localhost:44348/ConfirmEmail?userId=e07dbf68-25d3-4246-b4ce-96608bb8a4ed&token=CfDJ8I8WJUuj38ZInzAI3rBidj%2FZFmN%2FhRUfnJsgT90WiM32Zg0%2BY5GbGCPhsfoqbF1zpDj5cQrGiCIafHYvknKkOuz73SDg9W8LQwZcktiBiFFQtEewQf6DFMMTSYelEZm3WCM0uNWTPB8espNSl%2B3Z4YbygRCxUDNQfvnvbNOdzhrRLjPH0h623npg7KYH8NU8YeOq%2BcrhBc6cW8Ms6WqXdA3KHNyk5LlyYBxtmbgibQrgN4FaCZK8pORx9z%2Br87JkYA%3D%3D 
2021-09-22 22:32:30.6783|Library.API.Controllers.AccountController|WARN|https://localhost:44348/ConfirmEmail?userId=4b999dae-c37e-489c-884f-7604a66303d9&token=CfDJ8I8WJUuj38ZInzAI3rBidj8d%2BY4bFTUseCZ877WZl4mO%2B68aiWS%2FzdUMQwPP6mHsdTwAsCX4L3CYzAWtpo3LuCdJCSwhu8VH4CECL7l3YZeJjDcnxN12nR8z%2F2fyluwy3uEgVcNl3fONUpc8soIEceVoOykY%2B3el7MhtKsdimoRXjvNtJU8PINmSmVUrddgLtYOvk%2F%2BHDDU3%2FVni1rvc6ghtC4CbCTKef62lcxmS%2Bsc7Ebr9%2BPiuwZ6og5mUaMbrdw%3D%3D 
2021-09-22 22:35:45.9045|Library.API.Controllers.AccountController|WARN|https://localhost:44348/ConfirmEmail?userId=52fc820b-f397-4746-b53c-874daf402f93&token=CfDJ8I8WJUuj38ZInzAI3rBidj8bCY4AbP95te3v81%2FAgyNQNAUKBVxJ4MZmZCQG8zT9V%2BJAjAzYtiZnZ0QhFcK3Lua00mKrCnkIA%2FnhtM%2Bl2H0eE9uv51VM73dACPifWutfZSLsUI3Z0d35unwSpuIaLoMlRa0wJRs%2Fyvvi9nyQMX7h4jjoLtpDngWWdPiEIOXuS03OHJYR8Cd3%2FKsVk38XcqIVhbk%2FHKIIEGNxLIc0ZTi4fNoCYMA%2BA25AzemqfAs2Vg%3D%3D 
2021-09-22 22:36:26.6926|Library.API.Controllers.AccountController|WARN|https://localhost:44348/ConfirmEmail?userId=4ce2c2ad-4134-4436-b66b-d65b8b228340&token=CfDJ8I8WJUuj38ZInzAI3rBidj9Tp%2FVhwsCItpUOrPo9F%2B8S6Cnk4CWHIPvirzJJyOZNOZVqsfxx%2B7p%2Flhd5QkXwerrfE9ZTs5Cln2%2BbKjxQLdmovloWQuCNTbvIKBsLM2s3QwyGGDMC5HeVl%2FybxrkpqZ6oUvhiJ2wAQVh3F6t2PCWzkbdcgvKzBMfxktzxsUU7rkk4XFVktHB8iVS2EJqFzqHtLXKkMjuq2B7cBvxT6e%2BesL9DCfHidJ6u9%2FoPcrsNhw%3D%3D 
